<?xml version="1.0" encoding="UTF-8"?>
<!-- Generated by org.testng.reporters.JUnitXMLReporter -->
<testsuite ignored="0" hostname="Sumitha" failures="0" tests="4" name="PersonalLoan" time="0.048" errors="0" timestamp="2022-08-04T17:08:46 IST">
  <testcase classname="test.PersonalLoan" name="plInstructionPage" time="0.005"/>
  <testcase classname="test.PersonalLoan" name="plEmicalculatorPage" time="0.001"/>
  <testcase classname="test.PersonalLoan2" name="plInst2" time="0.001"/>
  <testcase classname="test.PersonalLoan2" name="pllogin2" time="0.001"/>
</testsuite> <!-- PersonalLoan -->
