<?xml version="1.0" encoding="UTF-8"?>
<!-- Generated by org.testng.reporters.JUnitXMLReporter -->
<testsuite ignored="4" hostname="Sumitha" failures="0" tests="2" name="Test" time="0.054" errors="0" timestamp="2022-08-01T14:27:07 IST">
  <testcase classname="test.HomeLoan" name="hlSubmitPropertyDetails" time="0.014"/>
  <testcase classname="test.CarLoan" name="clDetails" time="0.003"/>
  <testcase classname="test.PersonalLoan" name="plEmicalculatorPage" time="0.0">
    <ignored/>
  </testcase> <!-- plEmicalculatorPage -->
  <testcase classname="test.PersonalLoan" name="plInstructionPage" time="0.0">
    <ignored/>
  </testcase> <!-- plInstructionPage -->
  <testcase classname="test.CarLoan" name="clChoosevehicle" time="0.0">
    <ignored/>
  </testcase> <!-- clChoosevehicle -->
  <testcase classname="test.HomeLoan" name="hlDetails" time="0.0">
    <ignored/>
  </testcase> <!-- hlDetails -->
</testsuite> <!-- Test -->
