<?xml version="1.0" encoding="UTF-8"?>
<!-- Generated by org.testng.reporters.JUnitXMLReporter -->
<testsuite ignored="0" hostname="Sumitha" failures="1" tests="2" name="TestingDEMO" time="0.075" errors="0" timestamp="2022-08-05T12:32:15 IST">
  <testcase classname="test.Demo" name="WebLogin" time="0.014"/>
  <testcase classname="test.Demo" name="failure" time="0.01">
    <failure type="java.lang.AssertionError" message="expected [true] but found [false]">
      <![CDATA[java.lang.AssertionError: expected [true] but found [false]
at test.Demo.failure(Demo.java:36)
at java.base/java.util.ArrayList.forEach(ArrayList.java:1511)
... Removed 29 stack frames]]>
    </failure>
  </testcase> <!-- failure -->
</testsuite> <!-- TestingDEMO -->
