<?xml version="1.0" encoding="UTF-8"?>
<!-- Generated by org.testng.reporters.JUnitXMLReporter -->
<testsuite ignored="3" hostname="Sumitha" failures="2" tests="6" name="Test(failed)" time="0.23" errors="0" timestamp="2022-08-03T09:50:42 IST">
  <testcase classname="test.Demo" name="skipped" time="0.026">
    <skipped/>
  </testcase> <!-- skipped -->
  <testcase classname="test.Demo" name="failure" time="0.01">
    <failure type="java.lang.AssertionError" message="expected [true] but found [false]">
      <![CDATA[java.lang.AssertionError: expected [true] but found [false]
at test.Demo.failure(Demo.java:36)
at java.base/java.util.ArrayList.forEach(ArrayList.java:1511)
... Removed 29 stack frames]]>
    </failure>
  </testcase> <!-- failure -->
  <testcase classname="test.Demo" name="test1" time="0.026">
    <skipped/>
  </testcase> <!-- test1 -->
  <testcase classname="test.Demo" name="test1" time="0.011">
    <skipped/>
  </testcase> <!-- test1 -->
  <testcase classname="test.Demo" name="test1" time="0.012">
    <skipped/>
  </testcase> <!-- test1 -->
  <testcase classname="test.Demo" name="test1" time="0.014">
    <failure type="java.lang.AssertionError" message="The following asserts failed:
	expected [go] but found [come]">
      <![CDATA[java.lang.AssertionError: The following asserts failed:
expected [go] but found [come]
at test.Demo.test1(Demo.java:56)
at java.base/java.util.ArrayList.forEach(ArrayList.java:1511)
... Removed 27 stack frames]]>
    </failure>
  </testcase> <!-- test1 -->
  <testcase classname="test.Demo" name="WebLogin" time="0.0">
    <ignored/>
  </testcase> <!-- WebLogin -->
  <testcase classname="test.Demo" name="MobileAppLogin" time="0.0">
    <ignored/>
  </testcase> <!-- MobileAppLogin -->
  <testcase classname="test.Demo" name="notneedtest" time="0.0">
    <ignored/>
  </testcase> <!-- notneedtest -->
</testsuite> <!-- Test(failed) -->
