<?xml version="1.0" encoding="UTF-8"?>
<testsuite xmlns:xsi="http://www.w3.org/2001/XMLSchema-instance" xsi:noNamespaceSchemaLocation="https://maven.apache.org/surefire/maven-surefire-plugin/xsd/surefire-test-report-3.0.xsd" version="3.0" name="TestSuite" time="0.725" tests="8" errors="0" skipped="0" failures="0">
  <properties>
[...]
</properties>
  <testcase name="plInstructionPage" classname="test.PersonalLoan" time="0.002">
    <system-out><![CDATA[execute before ALL Test folder
test case for login-executes before personal loan testfolder
It will execute before every class
executes before each test case
test case for instructionPage
]]></system-out>
  </testcase>
  <testcase name="plEmicalculatorPage" classname="test.PersonalLoan" time="0.001">
    <system-out><![CDATA[execute after each test case 
executes before each test case
test case for calculating emi
]]></system-out>
  </testcase>
  <testcase name="plInst2" classname="test.PersonalLoan2" time="0">
    <system-out><![CDATA[execute after each test case 
It will execute before class of PL2
test case for instructionPage2
]]></system-out>
  </testcase>
  <testcase name="pllogin2" classname="test.PersonalLoan2" time="0.005">
    <system-out><![CDATA[test case for login2
]]></system-out>
  </testcase>
  <testcase name="clDetails" classname="test.CarLoan" time="0.002">
    <system-out><![CDATA[executes after PersonalLoan testfolder
test case for filling details
]]></system-out>
  </testcase>
  <testcase name="clChoosevehicle" classname="test.CarLoan" time="0.003">
    <system-out><![CDATA[test case for choosing vehicle
]]></system-out>
  </testcase>
  <testcase name="hlSubmitPropertyDetails" classname="test.HomeLoan" time="0">
    <system-out><![CDATA[executes after Car Loan testfolder
test case for submitting property details
]]></system-out>
  </testcase>
  <testcase name="hlDetails" classname="test.HomeLoan" time="0.003">
    <system-out><![CDATA[test case for filling HOME Loan details
]]></system-out>
  </testcase>
</testsuite>